[NX Daemon Server] - 2024-12-19T00:55:40.373Z - Started listening on: /var/folders/s5/1g0mg8_55rd1syjdkz3c2_gh0000gn/T/9c36dc2d8dcb27d5536d/d.sock
[NX Daemon Server] - 2024-12-19T00:55:40.383Z - [WATCHER]: Subscribed to changes within: /Users/JakeWu-Chen/Downloads/Projects/deployment/nomination-system (native)
[NX Daemon Server] - 2024-12-19T00:55:40.384Z - Established a connection. Number of open connections: 1
[NX Daemon Server] - 2024-12-19T00:55:40.384Z - Established a connection. Number of open connections: 2
[NX Daemon Server] - 2024-12-19T00:55:40.385Z - Closed a connection. Number of open connections: 1
[NX Daemon Server] - 2024-12-19T00:55:40.386Z - [REQUEST]: Client Request for Project Graph Received
[NX Daemon Server] - 2024-12-19T00:55:40.392Z - [REQUEST]: Updated workspace context based on watched changes, recomputing project graph...
[NX Daemon Server] - 2024-12-19T00:55:40.392Z - [REQUEST]: 
[NX Daemon Server] - 2024-12-19T00:55:40.392Z - [REQUEST]: 
[NX Daemon Server] - 2024-12-19T00:55:40.959Z - Time taken for 'hash changed files from watcher' 5.4766249999999985ms
[NX Daemon Server] - 2024-12-19T00:55:40.960Z - [WATCHER]: .nx/cache/nx_files.nxt was created or restored
[NX Daemon Server] - 2024-12-19T00:55:41.385Z - Time taken for '@nx/jest/plugin:createNodes' 658.8909159999998ms
[NX Daemon Server] - 2024-12-19T00:55:41.385Z - [REQUEST]: Updated workspace context based on watched changes, recomputing project graph...
[NX Daemon Server] - 2024-12-19T00:55:41.385Z - [REQUEST]: .nx/cache/nx_files.nxt
[NX Daemon Server] - 2024-12-19T00:55:41.385Z - [REQUEST]: 
[NX Daemon Server] - 2024-12-19T00:55:41.663Z - Time taken for 'hash changed files from watcher' 0.09508299999993142ms
[33mThe CJS build of Vite's Node API is deprecated. See https://vitejs.dev/guide/troubleshooting.html#vite-cjs-node-api-deprecated for more details.[39m
[NX Daemon Server] - 2024-12-19T00:55:42.441Z - [REQUEST]: Responding to the client. project-graph
[NX Daemon Server] - 2024-12-19T00:55:42.442Z - [WATCHER]: 2 file(s) created or restored, 0 file(s) modified, 0 file(s) deleted
[NX Daemon Server] - 2024-12-19T00:55:42.442Z - Time taken for 'total for creating and serializing project graph' 2055.051708ms
[NX Daemon Server] - 2024-12-19T00:55:42.448Z - Time taken for 'build-project-configs' 1057.8680840000002ms
[NX Daemon Server] - 2024-12-19T00:55:42.450Z - Done responding to the client project-graph
[NX Daemon Server] - 2024-12-19T00:55:42.450Z - Handled REQUEST_PROJECT_GRAPH. Handling time: 2055. Response time: 9.
[NX Daemon Server] - 2024-12-19T00:55:42.476Z - [REQUEST]: Responding to the client. handleHashTasks
[NX Daemon Server] - 2024-12-19T00:55:42.476Z - Done responding to the client handleHashTasks
[NX Daemon Server] - 2024-12-19T00:55:42.476Z - Handled HASH_TASKS. Handling time: 4. Response time: 0.
[NX Daemon Server] - 2024-12-19T00:55:42.497Z - [WATCHER]: 6 file(s) created or restored, 0 file(s) modified, 4 file(s) deleted
[NX Daemon Server] - 2024-12-19T00:55:42.599Z - [REQUEST]: Updated workspace context based on watched changes, recomputing project graph...
[NX Daemon Server] - 2024-12-19T00:55:42.599Z - [REQUEST]: .nx/cache/lockfile.hash,.nx/cache/vite.hash,.nx/cache/file-map.json,.nx/cache/parsed-lock-file.json,.nx/cache/jest.hash,.nx/cache/project-graph.json
[NX Daemon Server] - 2024-12-19T00:55:42.599Z - [REQUEST]: .nx/cache/file-map.json~e51dadb3,.nx/cache/project-graph.json~e51dadb3,.nx/cache/project-graph.json~f575ad2f,.nx/cache/file-map.json~f575ad2f
[NX Daemon Server] - 2024-12-19T00:55:42.835Z - [WATCHER]: 2 file(s) created or restored, 0 file(s) modified, 0 file(s) deleted
[NX Daemon Server] - 2024-12-19T00:55:42.835Z - [WATCHER]: 6 file(s) created or restored, 0 file(s) modified, 0 file(s) deleted
[NX Daemon Server] - 2024-12-19T00:55:42.835Z - Time taken for 'hash changed files from watcher' 0.31562499999972715ms
[33mThe CJS build of Vite's Node API is deprecated. See https://vitejs.dev/guide/troubleshooting.html#vite-cjs-node-api-deprecated for more details.[39m
[NX Daemon Server] - 2024-12-19T00:55:42.865Z - Time taken for 'build-project-configs' 259.8348329999999ms
[NX Daemon Server] - 2024-12-19T00:55:42.893Z - Established a connection. Number of open connections: 2
[NX Daemon Server] - 2024-12-19T00:55:42.894Z - Closed a connection. Number of open connections: 1
[NX Daemon Server] - 2024-12-19T00:55:42.894Z - Established a connection. Number of open connections: 2
[NX Daemon Server] - 2024-12-19T00:55:42.895Z - [REQUEST]: Client Request for Project Graph Received
[NX Daemon Server] - 2024-12-19T00:55:42.896Z - [REQUEST]: Responding to the client. project-graph
[NX Daemon Server] - 2024-12-19T00:55:42.896Z - Time taken for 'total for creating and serializing project graph' 0.07724999999982174ms
[NX Daemon Server] - 2024-12-19T00:55:42.898Z - Done responding to the client project-graph
[NX Daemon Server] - 2024-12-19T00:55:42.898Z - Handled REQUEST_PROJECT_GRAPH. Handling time: 1. Response time: 2.
[NX Daemon Server] - 2024-12-19T00:55:42.900Z - Established a connection. Number of open connections: 3
[NX Daemon Server] - 2024-12-19T00:55:42.926Z - [WATCHER]: 4 file(s) created or restored, 0 file(s) modified, 2 file(s) deleted
[NX Daemon Server] - 2024-12-19T00:55:42.926Z - Time taken for 'changed-projects' 0.050375000000258296ms
[NX Daemon Server] - 2024-12-19T00:55:43.006Z - Established a connection. Number of open connections: 4
[NX Daemon Server] - 2024-12-19T00:55:43.007Z - Closed a connection. Number of open connections: 3
[NX Daemon Server] - 2024-12-19T00:55:43.007Z - Established a connection. Number of open connections: 4
[NX Daemon Server] - 2024-12-19T00:55:43.008Z - [REQUEST]: Client Request for Project Graph Received
[NX Daemon Server] - 2024-12-19T00:55:43.008Z - [REQUEST]: Updated workspace context based on watched changes, recomputing project graph...
[NX Daemon Server] - 2024-12-19T00:55:43.008Z - [REQUEST]: .nx/cache/vite.hash,.nx/cache/project-graph.json,.nx/cache/jest.hash,.nx/cache/file-map.json
[NX Daemon Server] - 2024-12-19T00:55:43.008Z - [REQUEST]: .nx/cache/project-graph.json~f5d53b43,.nx/cache/file-map.json~f5d53b43
[NX Daemon Server] - 2024-12-19T00:55:43.234Z - Time taken for 'hash changed files from watcher' 0.4627920000002632ms
[33mThe CJS build of Vite's Node API is deprecated. See https://vitejs.dev/guide/troubleshooting.html#vite-cjs-node-api-deprecated for more details.[39m
[NX Daemon Server] - 2024-12-19T00:55:43.264Z - [REQUEST]: Responding to the client. project-graph
[NX Daemon Server] - 2024-12-19T00:55:43.264Z - Time taken for 'total for creating and serializing project graph' 256.1055409999999ms
[NX Daemon Server] - 2024-12-19T00:55:43.267Z - [WATCHER]: 2 file(s) created or restored, 2 file(s) modified, 162 file(s) deleted
[NX Daemon Server] - 2024-12-19T00:55:43.267Z - Time taken for 'changed-projects' 0.219333000000006ms
[NX Daemon Server] - 2024-12-19T00:55:43.268Z - Done responding to the client project-graph
[NX Daemon Server] - 2024-12-19T00:55:43.268Z - Handled REQUEST_PROJECT_GRAPH. Handling time: 256. Response time: 4.
[NX Daemon Server] - 2024-12-19T00:55:43.293Z - [REQUEST]: Updated workspace context based on watched changes, recomputing project graph...
[NX Daemon Server] - 2024-12-19T00:55:43.293Z - [REQUEST]: .nx/cache/project-graph.json,node_modules/.vite/apps/frontend/deps_temp_0424977f/package.json,.nx/cache/vite.hash,.nx/cache/jest.hash
[NX Daemon Server] - 2024-12-19T00:55:43.293Z - [REQUEST]: node_modules/.vite/apps/frontend/deps/chunk-EGS5C2RB.js.map,node_modules/.vite/apps/frontend/deps/chunk-Q2MR3DE7.js.map,node_modules/.vite/apps/frontend/deps/@mui_material_Snackbar.js,node_modules/.vite/apps/frontend/deps/@mui_material_FormControlLabel.js,node_modules/.vite/apps/frontend/deps/@mui_material_styles.js.map,node_modules/.vite/apps/frontend/deps/@mui_material_RadioGroup.js.map,node_modules/.vite/apps/frontend/deps/chunk-2DDUNBGK.js,node_modules/.vite/apps/frontend/deps/@mui_material_Snackbar.js.map,node_modules/.vite/apps/frontend/deps/@mui_material_TextField.js.map,node_modules/.vite/apps/frontend/deps/chunk-QJNLIYNO.js,node_modules/.vite/apps/frontend/deps/chunk-57GJCGZG.js,node_modules/.vite/apps/frontend/deps/chunk-JPJRWDVT.js,node_modules/.vite/apps/frontend/deps/react-router-dom.js.map,node_modules/.vite/apps/frontend/deps/react.js.map,node_modules/.vite/apps/frontend/deps/@mui_material_Table.js.map,node_modules/.vite/apps/frontend/deps/@mui_material_FormControl.js.map,node_modules/.vite/apps/frontend/deps/@mui_material_TableRow.js,node_modules/.vite/apps/frontend/deps/react_jsx-runtime.js.map,node_modules/.vite/apps/frontend/deps/chunk-B5KUE6TB.js,node_modules/.vite/apps/frontend/deps/chunk-Q2MR3DE7.js,node_modules/.vite/apps/frontend/deps/@mui_material.js.map,node_modules/.vite/apps/frontend/deps/chunk-35QCWC7A.js,node_modules/.vite/apps/frontend/deps/@mui_material_FormControl.js,node_modules/.vite/apps/frontend/deps/chunk-DW6WP2F3.js.map,node_modules/.vite/apps/frontend/deps/chunk-YQLOWWGB.js.map,node_modules/.vite/apps/frontend/deps/react-router-dom.js,node_modules/.vite/apps/frontend/deps/@mui_material_TableHead.js.map,node_modules/.vite/apps/frontend/deps/@mui_material_RadioGroup.js,node_modules/.vite/apps/frontend/deps/@mui_material.js,node_modules/.vite/apps/frontend/deps/react_jsx-dev-runtime.js.map,node_modules/.vite/apps/frontend/deps/@mui_material_TableCell.js,node_modules/.vite/apps/frontend/deps/chunk-35QCWC7A.js.map,node_modules/.vite/apps/frontend/deps/chunk-B5KUE6TB.js.map,node_modules/.vite/apps/frontend/deps/chunk-QJNLIYNO.js.map,node_modules/.vite/apps/frontend/deps/chunk-5PVXHYGC.js,node_modules/.vite/apps/frontend/deps/chunk-ZDOL6BP7.js.map,node_modules/.vite/apps/frontend/deps/chunk-FHW6TTHI.js.map,node_modules/.vite/apps/frontend/deps/chunk-YQLOWWGB.js,node_modules/.vite/apps/frontend/deps/_metadata.json,node_modules/.vite/apps/frontend/deps/chunk-URSY35XA.js,node_modules/.vite/apps/frontend/deps/chunk-DHY3UXVG.js,node_modules/.vite/apps/frontend/deps/@mui_material_Radio.js,node_modules/.vite/apps/frontend/deps/chunk-DW6WP2F3.js,node_modules/.vite/apps/frontend/deps/chunk-KJDY46YF.js,node_modules/.vite/apps/frontend/deps/@mui_material_Alert.js,node_modules/.vite/apps/frontend/deps/chunk-OYPTDNLU.js,node_modules/.vite/apps/frontend/deps/styled-components.js.map,node_modules/.vite/apps/frontend/deps/chunk-VCHKOWSG.js.map,node_modules/.vite/apps/frontend/deps/chunk-GI2XE6TT.js.map,node_modules/.vite/apps/frontend/deps/react_jsx-runtime.js,node_modules/.vite/apps/frontend/deps/@mui_material_TableRow.js.map,node_modules/.vite/apps/frontend/deps/@mui_material_AppBar.js,node_modules/.vite/apps/frontend/deps/chunk-KY35IP43.js.map,node_modules/.vite/apps/frontend/deps/chunk-RH25J7HI.js.map,node_modules/.vite/apps/frontend/deps/mdb-react-ui-kit.js.map,node_modules/.vite/apps/frontend/deps/chunk-4O7OFCNR.js,node_modules/.vite/apps/frontend/deps/@mui_material_TableContainer.js,node_modules/.vite/apps/frontend/deps/chunk-RH25J7HI.js,node_modules/.vite/apps/frontend/deps/chunk-EXFBXVHM.js,node_modules/.vite/apps/frontend/deps/chunk-4OX7NFC2.js.map,node_modules/.vite/apps/frontend/deps/styled-components.js,node_modules/.vite/apps/frontend/deps/chunk-JL26FGFN.js,node_modules/.vite/apps/frontend/deps/@mui_material_Button.js,node_modules/.vite/apps/frontend/deps/@mui_material_Checkbox.js.map,node_modules/.vite/apps/frontend/deps/chunk-U5LFOAAW.js,node_modules/.vite/apps/frontend/deps/@mui_material_Checkbox.js,node_modules/.vite/apps/frontend/deps/@mui_material_Select.js,node_modules/.vite/apps/frontend/deps/chunk-2DDUNBGK.js.map,node_modules/.vite/apps/frontend/deps/@mui_material_Paper.js,node_modules/.vite/apps/frontend/deps/chunk-3YKZFRT6.js,node_modules/.vite/apps/frontend/deps/chunk-GTZP3DAN.js.map,node_modules/.vite/apps/frontend/deps/chunk-DKMKQV6I.js,node_modules/.vite/apps/frontend/deps/mdb-react-ui-kit.js,node_modules/.vite/apps/frontend/deps/@mui_material_styles.js,node_modules/.vite/apps/frontend/deps/@mui_material_MenuItem.js.map,node_modules/.vite/apps/frontend/deps/@mui_material_Toolbar.js,node_modules/.vite/apps/frontend/deps/chunk-FJZPPQNA.js,node_modules/.vite/apps/frontend/deps/chunk-7I7TPGIZ.js,node_modules/.vite/apps/frontend/deps/chunk-B7JVSASU.js.map,node_modules/.vite/apps/frontend/deps/@mui_material_Paper.js.map,node_modules/.vite/apps/frontend/deps/chunk-T5TBHD7M.js,node_modules/.vite/apps/frontend/deps/chunk-EGS5C2RB.js,node_modules/.vite/apps/frontend/deps/@mui_material_Select.js.map,node_modules/.vite/apps/frontend/deps/chunk-MJ4UTOVC.js.map,node_modules/.vite/apps/frontend/deps/chunk-LRLCX52I.js.map,node_modules/.vite/apps/frontend/deps/chunk-4O7OFCNR.js.map,node_modules/.vite/apps/frontend/deps/@mui_material_Alert.js.map,node_modules/.vite/apps/frontend/deps/chunk-B7JVSASU.js,node_modules/.vite/apps/frontend/deps/@mui_material_Table.js,node_modules/.vite/apps/frontend/deps/chunk-T5TBHD7M.js.map,node_modules/.vite/apps/frontend/deps/react.js,node_modules/.vite/apps/frontend/deps/@mui_material_TableContainer.js.map,node_modules/.vite/apps/frontend/deps/chunk-JACWPNHA.js,node_modules/.vite/apps/frontend/deps/react-icons_fa.js.map,node_modules/.vite/apps/frontend/deps/@mui_material_TextField.js,node_modules/.vite/apps/frontend/deps/react-icons_fa.js,node_modules/.vite/apps/frontend/deps/chunk-KJF2JCMP.js,node_modules/.vite/apps/frontend/deps/chunk-JACWPNHA.js.map,node_modules/.vite/apps/frontend/deps/@mui_material_AppBar.js.map,node_modules/.vite/apps/frontend/deps/@mui_material_FormGroup.js,node_modules/.vite/apps/frontend/deps/chunk-GI2XE6TT.js,node_modules/.vite/apps/frontend/deps/chunk-RUPXB3BS.js,node_modules/.vite/apps/frontend/deps/chunk-57GJCGZG.js.map,node_modules/.vite/apps/frontend/deps/chunk-GTZP3DAN.js,node_modules/.vite/apps/frontend/deps/chunk-JPJRWDVT.js.map,node_modules/.vite/apps/frontend/deps/chunk-LRLCX52I.js,node_modules/.vite/apps/frontend/deps/chunk-26FGDIHK.js,node_modules/.vite/apps/frontend/deps/react-dom_client.js.map,node_modules/.vite/apps/frontend/deps/chunk-RVJITNDJ.js,node_modules/.vite/apps/frontend/deps/chunk-4NQSZ5AN.js,node_modules/.vite/apps/frontend/deps/chunk-LTYN3K5L.js.map,node_modules/.vite/apps/frontend/deps/chunk-3YKZFRT6.js.map,node_modules/.vite/apps/frontend/deps/react_jsx-dev-runtime.js,node_modules/.vite/apps/frontend/deps/@mui_material_Toolbar.js.map,node_modules/.vite/apps/frontend/deps/chunk-KJDY46YF.js.map,node_modules/.vite/apps/frontend/deps/@mui_material_FormGroup.js.map,node_modules/.vite/apps/frontend/deps/react-dom_client.js,node_modules/.vite/apps/frontend/deps/chunk-7I7TPGIZ.js.map,node_modules/.vite/apps/frontend/deps/chunk-JL26FGFN.js.map,node_modules/.vite/apps/frontend/deps/chunk-6LI3LOVA.js.map,node_modules/.vite/apps/frontend/deps/chunk-OYPTDNLU.js.map,node_modules/.vite/apps/frontend/deps/@mui_material_TableBody.js.map,node_modules/.vite/apps/frontend/deps/@mui_material_TableBody.js,node_modules/.vite/apps/frontend/deps/chunk-5PVXHYGC.js.map,node_modules/.vite/apps/frontend/deps/chunk-OBL52E4F.js.map,node_modules/.vite/apps/frontend/deps/chunk-LTYN3K5L.js,node_modules/.vite/apps/frontend/deps/@mui_material_Button.js.map,node_modules/.vite/apps/frontend/deps/chunk-BSJ5AVWO.js.map,node_modules/.vite/apps/frontend/deps/@mui_material_Radio.js.map,node_modules/.vite/apps/frontend/deps/chunk-4NQSZ5AN.js.map,node_modules/.vite/apps/frontend/deps/chunk-6LI3LOVA.js,node_modules/.vite/apps/frontend/deps/chunk-BSJ5AVWO.js,node_modules/.vite/apps/frontend/deps/chunk-KJF2JCMP.js.map,node_modules/.vite/apps/frontend/deps/chunk-TMZHSGZG.js,node_modules/.vite/apps/frontend/deps/chunk-DQSBZ5GZ.js,node_modules/.vite/apps/frontend/deps/chunk-OBL52E4F.js,node_modules/.vite/apps/frontend/deps/chunk-DHY3UXVG.js.map,.nx/cache/project-graph.json~2a48f716,node_modules/.vite/apps/frontend/deps/@mui_material_TableCell.js.map,node_modules/.vite/apps/frontend/deps/@mui_material_MenuItem.js,.nx/cache/file-map.json~2a48f716,node_modules/.vite/apps/frontend/deps/chunk-DKMKQV6I.js.map,node_modules/.vite/apps/frontend/deps/chunk-KY35IP43.js,node_modules/.vite/apps/frontend/deps/@mui_material_FormControlLabel.js.map,node_modules/.vite/apps/frontend/deps/chunk-HEFVLQVA.js,node_modules/.vite/apps/frontend/deps/chunk-VCHKOWSG.js,node_modules/.vite/apps/frontend/deps/chunk-TMZHSGZG.js.map,node_modules/.vite/apps/frontend/deps/chunk-26FGDIHK.js.map,node_modules/.vite/apps/frontend/deps/chunk-DQSBZ5GZ.js.map,node_modules/.vite/apps/frontend/deps/package.json,node_modules/.vite/apps/frontend/deps/chunk-RVJITNDJ.js.map,node_modules/.vite/apps/frontend/deps/chunk-U5LFOAAW.js.map,node_modules/.vite/apps/frontend/deps/chunk-HEFVLQVA.js.map,node_modules/.vite/apps/frontend/deps/@mui_material_TableHead.js,node_modules/.vite/apps/frontend/deps/chunk-ZDOL6BP7.js,node_modules/.vite/apps/frontend/deps/chunk-FJZPPQNA.js.map,node_modules/.vite/apps/frontend/deps/chunk-RUPXB3BS.js.map,node_modules/.vite/apps/frontend/deps/chunk-FHW6TTHI.js,node_modules/.vite/apps/frontend/deps/chunk-EXFBXVHM.js.map,node_modules/.vite/apps/frontend/deps/chunk-URSY35XA.js.map,node_modules/.vite/apps/frontend/deps/chunk-MJ4UTOVC.js,node_modules/.vite/apps/frontend/deps/chunk-4OX7NFC2.js
[NX Daemon Server] - 2024-12-19T00:55:43.619Z - Time taken for 'hash changed files from watcher' 1.7076670000001286ms
[NX Daemon Server] - 2024-12-19T00:55:43.619Z - [WATCHER]: 1 file(s) created or restored, 0 file(s) modified, 1 file(s) deleted
[NX Daemon Server] - 2024-12-19T00:55:43.620Z - Time taken for 'changed-projects' 0.03287499999987631ms
[33mThe CJS build of Vite's Node API is deprecated. See https://vitejs.dev/guide/troubleshooting.html#vite-cjs-node-api-deprecated for more details.[39m
[NX Daemon Server] - 2024-12-19T00:55:43.683Z - [REQUEST]: Responding to the client. handleHashTasks
[NX Daemon Server] - 2024-12-19T00:55:43.683Z - Done responding to the client handleHashTasks
[NX Daemon Server] - 2024-12-19T00:55:43.683Z - Handled HASH_TASKS. Handling time: 392. Response time: 0.
[NX Daemon Server] - 2024-12-19T00:55:43.684Z - Time taken for 'build-project-configs' 367.6414169999998ms
[NX Daemon Server] - 2024-12-19T00:55:43.703Z - [WATCHER]: 160 file(s) created or restored, 2 file(s) modified, 2 file(s) deleted
[NX Daemon Server] - 2024-12-19T00:55:43.704Z - Time taken for 'changed-projects' 0.049667000000226835ms
[NX Daemon Server] - 2024-12-19T00:55:43.722Z - [REQUEST]: Updated workspace context based on watched changes, recomputing project graph...
[NX Daemon Server] - 2024-12-19T00:55:43.722Z - [REQUEST]: node_modules/.vite/apps/frontend/deps_temp_0424977f/react_jsx-dev-runtime.js.map,node_modules/.vite/apps/frontend/deps_temp_0424977f/chunk-IVCJWN7M.js.map,node_modules/.vite/apps/frontend/deps_temp_0424977f/chunk-B7JVSASU.js,node_modules/.vite/apps/frontend/deps_temp_0424977f/chunk-FHKVWICW.js.map,node_modules/.vite/apps/frontend/deps_temp_0424977f/chunk-W6CAJTJA.js,node_modules/.vite/apps/frontend/deps_temp_0424977f/@mui_material_TableContainer.js.map,node_modules/.vite/apps/frontend/deps_temp_0424977f/chunk-MFRHX4RL.js,node_modules/.vite/apps/frontend/deps_temp_0424977f/@mui_material_styles.js.map,node_modules/.vite/apps/frontend/deps_temp_0424977f/chunk-L4KHKGIF.js,node_modules/.vite/apps/frontend/deps_temp_0424977f/chunk-ZILKKULQ.js,node_modules/.vite/apps/frontend/deps_temp_0424977f/chunk-3ZKTO3OF.js.map,node_modules/.vite/apps/frontend/deps_temp_0424977f/chunk-ELC4ZWA5.js,node_modules/.vite/apps/frontend/deps_temp_0424977f/chunk-VNNZCCWI.js.map,node_modules/.vite/apps/frontend/deps_temp_0424977f/chunk-JL26FGFN.js,node_modules/.vite/apps/frontend/deps_temp_0424977f/chunk-IVCJWN7M.js,node_modules/.vite/apps/frontend/deps_temp_0424977f/@mui_material_TableBody.js.map,node_modules/.vite/apps/frontend/deps_temp_0424977f/chunk-ROA3G5JI.js.map,node_modules/.vite/apps/frontend/deps_temp_0424977f/chunk-7IDGRZY5.js.map,node_modules/.vite/apps/frontend/deps_temp_0424977f/@mui_material_FormControlLabel.js,node_modules/.vite/apps/frontend/deps_temp_0424977f/chunk-JZY4MSFY.js.map,node_modules/.vite/apps/frontend/deps_temp_0424977f/chunk-L4KHKGIF.js.map,node_modules/.vite/apps/frontend/deps_temp_0424977f/chunk-366NRQXS.js,node_modules/.vite/apps/frontend/deps_temp_0424977f/react-icons_fa.js.map,node_modules/.vite/apps/frontend/deps_temp_0424977f/@mui_material_Alert.js.map,node_modules/.vite/apps/frontend/deps_temp_0424977f/chunk-FHKVWICW.js,node_modules/.vite/apps/frontend/deps_temp_0424977f/@mui_material_Button.js.map,node_modules/.vite/apps/frontend/deps_temp_0424977f/chunk-KY35IP43.js,node_modules/.vite/apps/frontend/deps_temp_0424977f/chunk-GFR5BQTH.js.map,node_modules/.vite/apps/frontend/deps_temp_0424977f/chunk-7NBFP7OF.js.map,node_modules/.vite/apps/frontend/deps_temp_0424977f/chunk-JZY4MSFY.js,node_modules/.vite/apps/frontend/deps_temp_0424977f/chunk-DW6WP2F3.js,node_modules/.vite/apps/frontend/deps_temp_0424977f/chunk-6W4OB2NZ.js.map,node_modules/.vite/apps/frontend/deps_temp_0424977f/chunk-5PVXHYGC.js,node_modules/.vite/apps/frontend/deps_temp_0424977f/chunk-ZD5L4L4U.js.map,node_modules/.vite/apps/frontend/deps_temp_0424977f/chunk-JEDDZABI.js.map,node_modules/.vite/apps/frontend/deps_temp_0424977f/chunk-366NRQXS.js.map,node_modules/.vite/apps/frontend/deps_temp_0424977f/react-router-dom.js.map,node_modules/.vite/apps/frontend/deps_temp_0424977f/chunk-S3H75QPY.js.map,node_modules/.vite/apps/frontend/deps_temp_0424977f/chunk-X4CEZ7IE.js,node_modules/.vite/apps/frontend/deps_temp_0424977f/chunk-H57HPVNO.js,node_modules/.vite/apps/frontend/deps_temp_0424977f/mdb-react-ui-kit.js.map,node_modules/.vite/apps/frontend/deps_temp_0424977f/chunk-B7JVSASU.js.map,node_modules/.vite/apps/frontend/deps_temp_0424977f/@mui_material_Snackbar.js.map,node_modules/.vite/apps/frontend/deps_temp_0424977f/chunk-5PVXHYGC.js.map,node_modules/.vite/apps/frontend/deps_temp_0424977f/@mui_material_TableContainer.js,node_modules/.vite/apps/frontend/deps_temp_0424977f/chunk-UHOCGR3J.js.map,node_modules/.vite/apps/frontend/deps_temp_0424977f/chunk-4OX7NFC2.js.map,node_modules/.vite/apps/frontend/deps_temp_0424977f/@mui_material_Alert.js,node_modules/.vite/apps/frontend/deps_temp_0424977f/chunk-JFDIFDWH.js.map,node_modules/.vite/apps/frontend/deps_temp_0424977f/@mui_material_Select.js.map,node_modules/.vite/apps/frontend/deps_temp_0424977f/chunk-Q2TEO6A3.js.map,node_modules/.vite/apps/frontend/deps_temp_0424977f/chunk-EYT6MFBF.js,node_modules/.vite/apps/frontend/deps_temp_0424977f/@mui_material_TextField.js.map,node_modules/.vite/apps/frontend/deps_temp_0424977f/@mui_material_AppBar.js,node_modules/.vite/apps/frontend/deps_temp_0424977f/chunk-4OX7NFC2.js,node_modules/.vite/apps/frontend/deps_temp_0424977f/chunk-Q2TEO6A3.js,.nx/cache/project-graph.json,.nx/cache/file-map.json,node_modules/.vite/apps/frontend/deps_temp_0424977f/chunk-TVJIUMSZ.js,node_modules/.vite/apps/frontend/deps_temp_0424977f/chunk-2WS7J2KS.js,node_modules/.vite/apps/frontend/deps_temp_0424977f/chunk-DW6WP2F3.js.map,node_modules/.vite/apps/frontend/deps_temp_0424977f/chunk-RVJITNDJ.js,node_modules/.vite/apps/frontend/deps_temp_0424977f/chunk-RE3UHGAG.js.map,node_modules/.vite/apps/frontend/deps_temp_0424977f/chunk-B5KUE6TB.js,node_modules/.vite/apps/frontend/deps_temp_0424977f/chunk-TYUIPOOU.js.map,node_modules/.vite/apps/frontend/deps_temp_0424977f/chunk-VNNZCCWI.js,node_modules/.vite/apps/frontend/deps_temp_0424977f/chunk-DKMKQV6I.js.map,node_modules/.vite/apps/frontend/deps_temp_0424977f/@mui_material_Toolbar.js,node_modules/.vite/apps/frontend/deps_temp_0424977f/@mui_material_TextField.js,node_modules/.vite/apps/frontend/deps_temp_0424977f/chunk-GTZP3DAN.js.map,node_modules/.vite/apps/frontend/deps_temp_0424977f/chunk-ZDOL6BP7.js,node_modules/.vite/apps/frontend/deps_temp_0424977f/chunk-GTZP3DAN.js,node_modules/.vite/apps/frontend/deps_temp_0424977f/@mui_material_FormControlLabel.js.map,node_modules/.vite/apps/frontend/deps_temp_0424977f/@mui_material_Paper.js,node_modules/.vite/apps/frontend/deps_temp_0424977f/@mui_material_TableCell.js,node_modules/.vite/apps/frontend/deps_temp_0424977f/chunk-H57HPVNO.js.map,node_modules/.vite/apps/frontend/deps_temp_0424977f/@mui_material_TableHead.js,node_modules/.vite/apps/frontend/deps_temp_0424977f/@mui_material_Select.js,node_modules/.vite/apps/frontend/deps_temp_0424977f/react.js.map,node_modules/.vite/apps/frontend/deps_temp_0424977f/chunk-PP3KA34E.js.map,node_modules/.vite/apps/frontend/deps_temp_0424977f/react_jsx-runtime.js,node_modules/.vite/apps/frontend/deps_temp_0424977f/@mui_material_TableRow.js.map,node_modules/.vite/apps/frontend/deps_temp_0424977f/@mui_material_Checkbox.js.map,node_modules/.vite/apps/frontend/deps_temp_0424977f/chunk-4RRBTLDM.js,node_modules/.vite/apps/frontend/deps_temp_0424977f/@mui_material_TableBody.js,node_modules/.vite/apps/frontend/deps_temp_0424977f/chunk-W6CAJTJA.js.map,node_modules/.vite/apps/frontend/deps_temp_0424977f/chunk-GFR5BQTH.js,node_modules/.vite/apps/frontend/deps_temp_0424977f/react.js,node_modules/.vite/apps/frontend/deps_temp_0424977f/@mui_material_styles.js,node_modules/.vite/apps/frontend/deps_temp_0424977f/chunk-447CMJHJ.js.map,node_modules/.vite/apps/frontend/deps_temp_0424977f/@mui_material_Radio.js,node_modules/.vite/apps/frontend/deps_temp_0424977f/react-dom_client.js,node_modules/.vite/apps/frontend/deps_temp_0424977f/chunk-UD7R5JOY.js,node_modules/.vite/apps/frontend/deps_temp_0424977f/chunk-JFDIFDWH.js,node_modules/.vite/apps/frontend/deps_temp_0424977f/chunk-PP3KA34E.js,node_modules/.vite/apps/frontend/deps_temp_0424977f/chunk-TYUIPOOU.js,node_modules/.vite/apps/frontend/deps_temp_0424977f/chunk-JEDDZABI.js,node_modules/.vite/apps/frontend/deps_temp_0424977f/chunk-ZD5L4L4U.js,node_modules/.vite/apps/frontend/deps_temp_0424977f/@mui_material_RadioGroup.js,node_modules/.vite/apps/frontend/deps_temp_0424977f/chunk-B5KUE6TB.js.map,node_modules/.vite/apps/frontend/deps_temp_0424977f/chunk-TVJIUMSZ.js.map,node_modules/.vite/apps/frontend/deps_temp_0424977f/chunk-6W4OB2NZ.js,node_modules/.vite/apps/frontend/deps_temp_0424977f/chunk-EB46YH4Z.js,node_modules/.vite/apps/frontend/deps_temp_0424977f/@mui_material_RadioGroup.js.map,node_modules/.vite/apps/frontend/deps_temp_0424977f/@mui_material_Checkbox.js,node_modules/.vite/apps/frontend/deps_temp_0424977f/chunk-7IDGRZY5.js,node_modules/.vite/apps/frontend/deps_temp_0424977f/styled-components.js,node_modules/.vite/apps/frontend/deps_temp_0424977f/@mui_material.js.map,node_modules/.vite/apps/frontend/deps_temp_0424977f/@mui_material_FormControl.js,node_modules/.vite/apps/frontend/deps_temp_0424977f/@mui_material_MenuItem.js.map,node_modules/.vite/apps/frontend/deps_temp_0424977f/chunk-DKMKQV6I.js,node_modules/.vite/apps/frontend/deps_temp_0424977f/chunk-EYT6MFBF.js.map,node_modules/.vite/apps/frontend/deps_temp_0424977f/chunk-JL26FGFN.js.map,node_modules/.vite/apps/frontend/deps_temp_0424977f/@mui_material_FormGroup.js,node_modules/.vite/apps/frontend/deps_temp_0424977f/@mui_material_Paper.js.map,node_modules/.vite/apps/frontend/deps_temp_0424977f/chunk-4RRBTLDM.js.map,node_modules/.vite/apps/frontend/deps_temp_0424977f/@mui_material_TableRow.js,node_modules/.vite/apps/frontend/deps_temp_0424977f/chunk-KY35IP43.js.map,node_modules/.vite/apps/frontend/deps_temp_0424977f/@mui_material.js,node_modules/.vite/apps/frontend/deps_temp_0424977f/@mui_material_Radio.js.map,node_modules/.vite/apps/frontend/deps_temp_0424977f/chunk-ZDOL6BP7.js.map,node_modules/.vite/apps/frontend/deps_temp_0424977f/chunk-L3QBR5Y6.js,node_modules/.vite/apps/frontend/deps_temp_0424977f/chunk-UWJMOA7T.js,node_modules/.vite/apps/frontend/deps_temp_0424977f/chunk-S3H75QPY.js,node_modules/.vite/apps/frontend/deps_temp_0424977f/chunk-447CMJHJ.js,node_modules/.vite/apps/frontend/deps_temp_0424977f/@mui_material_Table.js,node_modules/.vite/apps/frontend/deps_temp_0424977f/chunk-RVJITNDJ.js.map,node_modules/.vite/apps/frontend/deps_temp_0424977f/@mui_material_AppBar.js.map,node_modules/.vite/apps/frontend/deps_temp_0424977f/@mui_material_Table.js.map,node_modules/.vite/apps/frontend/deps_temp_0424977f/chunk-ELC4ZWA5.js.map,node_modules/.vite/apps/frontend/deps_temp_0424977f/chunk-EB46YH4Z.js.map,node_modules/.vite/apps/frontend/deps_temp_0424977f/@mui_material_FormControl.js.map,node_modules/.vite/apps/frontend/deps_temp_0424977f/@mui_material_TableCell.js.map,node_modules/.vite/apps/frontend/deps_temp_0424977f/chunk-MFRHX4RL.js.map,node_modules/.vite/apps/frontend/deps_temp_0424977f/@mui_material_FormGroup.js.map,node_modules/.vite/apps/frontend/deps_temp_0424977f/chunk-X4CEZ7IE.js.map,node_modules/.vite/apps/frontend/deps_temp_0424977f/@mui_material_MenuItem.js,node_modules/.vite/apps/frontend/deps_temp_0424977f/react_jsx-dev-runtime.js,node_modules/.vite/apps/frontend/deps_temp_0424977f/chunk-L3QBR5Y6.js.map,node_modules/.vite/apps/frontend/deps_temp_0424977f/chunk-UD7R5JOY.js.map,node_modules/.vite/apps/frontend/deps_temp_0424977f/@mui_material_Snackbar.js,node_modules/.vite/apps/frontend/deps_temp_0424977f/@mui_material_Toolbar.js.map,node_modules/.vite/apps/frontend/deps_temp_0424977f/styled-components.js.map,node_modules/.vite/apps/frontend/deps_temp_0424977f/chunk-RE3UHGAG.js,node_modules/.vite/apps/frontend/deps_temp_0424977f/@mui_material_Button.js,node_modules/.vite/apps/frontend/deps_temp_0424977f/chunk-7NBFP7OF.js,node_modules/.vite/apps/frontend/deps_temp_0424977f/chunk-ZCAXUX4S.js,node_modules/.vite/apps/frontend/deps_temp_0424977f/react-dom_client.js.map,node_modules/.vite/apps/frontend/deps_temp_0424977f/chunk-2WS7J2KS.js.map,node_modules/.vite/apps/frontend/deps_temp_0424977f/mdb-react-ui-kit.js,node_modules/.vite/apps/frontend/deps_temp_0424977f/@mui_material_TableHead.js.map,node_modules/.vite/apps/frontend/deps_temp_0424977f/chunk-ZCAXUX4S.js.map,node_modules/.vite/apps/frontend/deps_temp_0424977f/chunk-3ZKTO3OF.js,node_modules/.vite/apps/frontend/deps_temp_0424977f/chunk-ZILKKULQ.js.map,node_modules/.vite/apps/frontend/deps_temp_0424977f/react-icons_fa.js,node_modules/.vite/apps/frontend/deps_temp_0424977f/react-router-dom.js,node_modules/.vite/apps/frontend/deps_temp_0424977f/chunk-UWJMOA7T.js.map,node_modules/.vite/apps/frontend/deps_temp_0424977f/react_jsx-runtime.js.map,node_modules/.vite/apps/frontend/deps_temp_0424977f/chunk-ROA3G5JI.js,node_modules/.vite/apps/frontend/deps_temp_0424977f/chunk-UHOCGR3J.js,.nx/cache/vite.hash,.nx/cache/jest.hash
[NX Daemon Server] - 2024-12-19T00:55:43.722Z - [REQUEST]: .nx/cache/project-graph.json~0da08b42,.nx/cache/file-map.json~0da08b42
[NX Daemon Server] - 2024-12-19T00:55:43.948Z - Time taken for 'hash changed files from watcher' 1.978207999999995ms
[33mThe CJS build of Vite's Node API is deprecated. See https://vitejs.dev/guide/troubleshooting.html#vite-cjs-node-api-deprecated for more details.[39m
[NX Daemon Server] - 2024-12-19T00:55:43.974Z - Time taken for 'build-project-configs' 245.56937500000004ms
[NX Daemon Server] - 2024-12-19T00:55:44.025Z - [WATCHER]: 2 file(s) created or restored, 2 file(s) modified, 2 file(s) deleted
[NX Daemon Server] - 2024-12-19T00:55:44.025Z - Time taken for 'changed-projects' 0.031375000000025466ms
[NX Daemon Server] - 2024-12-19T00:55:44.127Z - [REQUEST]: Updated workspace context based on watched changes, recomputing project graph...
[NX Daemon Server] - 2024-12-19T00:55:44.127Z - [REQUEST]: .nx/cache/project-graph.json,.nx/cache/file-map.json,.nx/cache/jest.hash,.nx/cache/vite.hash
[NX Daemon Server] - 2024-12-19T00:55:44.127Z - [REQUEST]: .nx/cache/project-graph.json~62c03dec,.nx/cache/file-map.json~62c03dec
[NX Daemon Server] - 2024-12-19T00:55:44.384Z - Time taken for 'hash changed files from watcher' 0.5362920000002305ms
[33mThe CJS build of Vite's Node API is deprecated. See https://vitejs.dev/guide/troubleshooting.html#vite-cjs-node-api-deprecated for more details.[39m
[NX Daemon Server] - 2024-12-19T00:55:44.413Z - Time taken for 'build-project-configs' 274.36845900000026ms
[NX Daemon Server] - 2024-12-19T00:55:44.472Z - [WATCHER]: 2 file(s) created or restored, 2 file(s) modified, 2 file(s) deleted
[NX Daemon Server] - 2024-12-19T00:55:44.472Z - Time taken for 'changed-projects' 0.029042000000117696ms
[NX Daemon Server] - 2024-12-19T00:55:44.584Z - [REQUEST]: Updated workspace context based on watched changes, recomputing project graph...
[NX Daemon Server] - 2024-12-19T00:55:44.584Z - [REQUEST]: .nx/cache/file-map.json,.nx/cache/project-graph.json,.nx/cache/jest.hash,.nx/cache/vite.hash
[NX Daemon Server] - 2024-12-19T00:55:44.584Z - [REQUEST]: .nx/cache/file-map.json~f8ab360b,.nx/cache/project-graph.json~f8ab360b
[NX Daemon Server] - 2024-12-19T00:55:44.848Z - Time taken for 'hash changed files from watcher' 10.331167000000278ms
[NX Daemon Server] - 2024-12-19T00:55:44.849Z - [WATCHER]: 0 file(s) created or restored, 0 file(s) modified, 3 file(s) deleted
[NX Daemon Server] - 2024-12-19T00:55:44.849Z - [WATCHER]: Processing file changes in outputs
[NX Daemon Server] - 2024-12-19T00:55:44.849Z - Time taken for 'changed-projects' 0.025332999999591266ms
[33mThe CJS build of Vite's Node API is deprecated. See https://vitejs.dev/guide/troubleshooting.html#vite-cjs-node-api-deprecated for more details.[39m
[NX Daemon Server] - 2024-12-19T00:55:44.881Z - Time taken for 'build-project-configs' 287.8434579999994ms
[NX Daemon Server] - 2024-12-19T00:55:44.939Z - [WATCHER]: 2 file(s) created or restored, 2 file(s) modified, 2 file(s) deleted
[NX Daemon Server] - 2024-12-19T00:55:44.939Z - Time taken for 'changed-projects' 0.036792000000787084ms
[NX Daemon Server] - 2024-12-19T00:55:45.050Z - [REQUEST]: Updated workspace context based on watched changes, recomputing project graph...
[NX Daemon Server] - 2024-12-19T00:55:45.050Z - [REQUEST]: .nx/cache/file-map.json,.nx/cache/project-graph.json,.nx/cache/vite.hash,.nx/cache/jest.hash
[NX Daemon Server] - 2024-12-19T00:55:45.050Z - [REQUEST]: .nx/cache/project-graph.json~14225d1c,.nx/cache/file-map.json~14225d1c
[NX Daemon Server] - 2024-12-19T00:55:45.366Z - Time taken for 'hash changed files from watcher' 0.6075840000003154ms
[33mThe CJS build of Vite's Node API is deprecated. See https://vitejs.dev/guide/troubleshooting.html#vite-cjs-node-api-deprecated for more details.[39m
[NX Daemon Server] - 2024-12-19T00:55:45.408Z - Time taken for 'build-project-configs' 347.9518330000001ms
[NX Daemon Server] - 2024-12-19T00:55:45.466Z - [WATCHER]: 2 file(s) created or restored, 2 file(s) modified, 2 file(s) deleted
[NX Daemon Server] - 2024-12-19T00:55:45.466Z - Time taken for 'changed-projects' 0.02833299999929295ms
[NX Daemon Server] - 2024-12-19T00:55:45.568Z - [REQUEST]: Updated workspace context based on watched changes, recomputing project graph...
[NX Daemon Server] - 2024-12-19T00:55:45.568Z - [REQUEST]: .nx/cache/project-graph.json,.nx/cache/file-map.json,.nx/cache/vite.hash,.nx/cache/jest.hash
[NX Daemon Server] - 2024-12-19T00:55:45.568Z - [REQUEST]: .nx/cache/file-map.json~db0a05ab,.nx/cache/project-graph.json~db0a05ab
[NX Daemon Server] - 2024-12-19T00:55:45.860Z - Time taken for 'hash changed files from watcher' 0.5979580000002898ms
[33mThe CJS build of Vite's Node API is deprecated. See https://vitejs.dev/guide/troubleshooting.html#vite-cjs-node-api-deprecated for more details.[39m
[NX Daemon Server] - 2024-12-19T00:55:45.892Z - Time taken for 'build-project-configs' 316.6598750000003ms
[NX Daemon Server] - 2024-12-19T00:55:45.952Z - [WATCHER]: 2 file(s) created or restored, 2 file(s) modified, 2 file(s) deleted
[NX Daemon Server] - 2024-12-19T00:55:45.953Z - Time taken for 'changed-projects' 0.02383399999962421ms
[NX Daemon Server] - 2024-12-19T00:55:46.054Z - [REQUEST]: Updated workspace context based on watched changes, recomputing project graph...
[NX Daemon Server] - 2024-12-19T00:55:46.054Z - [REQUEST]: .nx/cache/project-graph.json,.nx/cache/file-map.json,.nx/cache/jest.hash,.nx/cache/vite.hash
[NX Daemon Server] - 2024-12-19T00:55:46.054Z - [REQUEST]: .nx/cache/project-graph.json~e2b8542f,.nx/cache/file-map.json~e2b8542f
(node:38579) MaxListenersExceededWarning: Possible EventEmitter memory leak detected. 11 exit listeners added to [process]. Use emitter.setMaxListeners() to increase limit
(Use `node --trace-warnings ...` to show where the warning was created)
[NX Daemon Server] - 2024-12-19T00:55:46.292Z - [WATCHER]: 3 file(s) created or restored, 0 file(s) modified, 0 file(s) deleted
[NX Daemon Server] - 2024-12-19T00:55:46.292Z - [WATCHER]: Processing file changes in outputs
[NX Daemon Server] - 2024-12-19T00:55:46.293Z - [REQUEST]: Responding to the client. recordOutputsHash
[NX Daemon Server] - 2024-12-19T00:55:46.293Z - Done responding to the client recordOutputsHash
[NX Daemon Server] - 2024-12-19T00:55:46.293Z - Handled RECORD_OUTPUTS_HASH. Handling time: 1. Response time: 0.
[NX Daemon Server] - 2024-12-19T00:55:46.293Z - Time taken for 'hash changed files from watcher' 0.400749999999789ms
[33mThe CJS build of Vite's Node API is deprecated. See https://vitejs.dev/guide/troubleshooting.html#vite-cjs-node-api-deprecated for more details.[39m
[NX Daemon Server] - 2024-12-19T00:55:46.322Z - Time taken for 'build-project-configs' 260.5060000000003ms
[NX Daemon Server] - 2024-12-19T00:55:46.397Z - [REQUEST]: Responding to the client. PROCESS_IN_BACKGROUND
[NX Daemon Server] - 2024-12-19T00:55:46.397Z - Done responding to the client PROCESS_IN_BACKGROUND
[NX Daemon Server] - 2024-12-19T00:55:46.397Z - Handled PROCESS_IN_BACKGROUND. Handling time: 49. Response time: 0.
[NX Daemon Server] - 2024-12-19T00:55:46.397Z - [REQUEST]: Updated workspace context based on watched changes, recomputing project graph...
[NX Daemon Server] - 2024-12-19T00:55:46.398Z - [REQUEST]: 
[NX Daemon Server] - 2024-12-19T00:55:46.398Z - [REQUEST]: 
[NX Daemon Server] - 2024-12-19T00:55:46.665Z - [WATCHER]: 14 file(s) created or restored, 2 file(s) modified, 2 file(s) deleted
[NX Daemon Server] - 2024-12-19T00:55:46.665Z - [WATCHER]: Processing file changes in outputs
[NX Daemon Server] - 2024-12-19T00:55:46.668Z - Time taken for 'hash changed files from watcher' 0.18520900000021356ms
[NX Daemon Server] - 2024-12-19T00:55:46.668Z - Closed a connection. Number of open connections: 3
[NX Daemon Server] - 2024-12-19T00:55:46.668Z - Uploading file artifacts
[NX Daemon Server] - 2024-12-19T00:55:46.668Z - Done uploading file artifacts
[NX Daemon Server] - 2024-12-19T00:55:46.668Z - Sending EndRun request
[33mThe CJS build of Vite's Node API is deprecated. See https://vitejs.dev/guide/troubleshooting.html#vite-cjs-node-api-deprecated for more details.[39m
[NX Daemon Server] - 2024-12-19T00:55:46.716Z - Time taken for 'build-project-configs' 312.2458749999996ms
[NX Daemon Server] - 2024-12-19T00:55:46.758Z - Error when sending EndRun
Error: Invalid Nx Cloud workspace.
    at Timeout._onTimeout (/Users/JakeWu-Chen/Downloads/Projects/deployment/nomination-system/.nx/cache/cloud/2412.11.7.hotfix2/lib/daemon/process-run-end.js:33:4325)
    at processTicksAndRejections (node:internal/process/task_queues:95:5)
[NX Daemon Server] - 2024-12-19T00:55:46.766Z - [REQUEST]: Updated workspace context based on watched changes, recomputing project graph...
[NX Daemon Server] - 2024-12-19T00:55:46.766Z - [REQUEST]: 
[NX Daemon Server] - 2024-12-19T00:55:46.766Z - [REQUEST]: 
[NX Daemon Server] - 2024-12-19T00:55:47.016Z - [WATCHER]: 2 file(s) created or restored, 2 file(s) modified, 2 file(s) deleted
[NX Daemon Server] - 2024-12-19T00:55:47.016Z - Time taken for 'hash changed files from watcher' 0.17583399999966787ms
[33mThe CJS build of Vite's Node API is deprecated. See https://vitejs.dev/guide/troubleshooting.html#vite-cjs-node-api-deprecated for more details.[39m
[NX Daemon Server] - 2024-12-19T00:55:47.044Z - Time taken for 'build-project-configs' 261.42774999999983ms
[NX Daemon Server] - 2024-12-19T00:55:47.104Z - [WATCHER]: 2 file(s) created or restored, 2 file(s) modified, 2 file(s) deleted
[NX Daemon Server] - 2024-12-19T00:55:47.105Z - Time taken for 'changed-projects' 0.021457999999256572ms
[NX Daemon Server] - 2024-12-19T00:55:47.117Z - [REQUEST]: Updated workspace context based on watched changes, recomputing project graph...
[NX Daemon Server] - 2024-12-19T00:55:47.117Z - [REQUEST]: .nx/cache/file-map.json,.nx/cache/project-graph.json,.nx/cache/vite.hash,.nx/cache/jest.hash
[NX Daemon Server] - 2024-12-19T00:55:47.117Z - [REQUEST]: .nx/cache/file-map.json~e4f230d2,.nx/cache/project-graph.json~e4f230d2
[NX Daemon Server] - 2024-12-19T00:55:47.444Z - Time taken for 'hash changed files from watcher' 0.48829099999966274ms
[33mThe CJS build of Vite's Node API is deprecated. See https://vitejs.dev/guide/troubleshooting.html#vite-cjs-node-api-deprecated for more details.[39m
[NX Daemon Server] - 2024-12-19T00:55:47.496Z - Time taken for 'build-project-configs' 368.8526659999998ms
[NX Daemon Server] - 2024-12-19T00:55:47.556Z - [WATCHER]: 2 file(s) created or restored, 2 file(s) modified, 2 file(s) deleted
[NX Daemon Server] - 2024-12-19T00:55:47.557Z - Time taken for 'changed-projects' 0.028083999999580556ms
[NX Daemon Server] - 2024-12-19T00:55:47.658Z - [REQUEST]: Updated workspace context based on watched changes, recomputing project graph...
[NX Daemon Server] - 2024-12-19T00:55:47.658Z - [REQUEST]: .nx/cache/project-graph.json,.nx/cache/file-map.json,.nx/cache/vite.hash,.nx/cache/jest.hash
[NX Daemon Server] - 2024-12-19T00:55:47.658Z - [REQUEST]: .nx/cache/file-map.json~b64fe7f2,.nx/cache/project-graph.json~b64fe7f2
[NX Daemon Server] - 2024-12-19T00:55:48.006Z - Time taken for 'hash changed files from watcher' 0.5756670000000668ms
[33mThe CJS build of Vite's Node API is deprecated. See https://vitejs.dev/guide/troubleshooting.html#vite-cjs-node-api-deprecated for more details.[39m
[NX Daemon Server] - 2024-12-19T00:55:48.044Z - Time taken for 'build-project-configs' 375.7087499999998ms
[NX Daemon Server] - 2024-12-19T00:55:48.103Z - [WATCHER]: 2 file(s) created or restored, 2 file(s) modified, 2 file(s) deleted
[NX Daemon Server] - 2024-12-19T00:55:48.103Z - Time taken for 'changed-projects' 0.0253339999999298ms
[NX Daemon Server] - 2024-12-19T00:55:48.205Z - [REQUEST]: Updated workspace context based on watched changes, recomputing project graph...
[NX Daemon Server] - 2024-12-19T00:55:48.205Z - [REQUEST]: .nx/cache/project-graph.json,.nx/cache/file-map.json,.nx/cache/vite.hash,.nx/cache/jest.hash
[NX Daemon Server] - 2024-12-19T00:55:48.205Z - [REQUEST]: .nx/cache/project-graph.json~bfd32a74,.nx/cache/file-map.json~bfd32a74
[NX Daemon Server] - 2024-12-19T00:55:48.519Z - Time taken for 'hash changed files from watcher' 0.631916999999703ms
[33mThe CJS build of Vite's Node API is deprecated. See https://vitejs.dev/guide/troubleshooting.html#vite-cjs-node-api-deprecated for more details.[39m
[NX Daemon Server] - 2024-12-19T00:55:48.548Z - Time taken for 'build-project-configs' 335.66975ms
[NX Daemon Server] - 2024-12-19T00:55:48.608Z - [WATCHER]: 2 file(s) created or restored, 2 file(s) modified, 2 file(s) deleted
[NX Daemon Server] - 2024-12-19T00:55:48.609Z - Time taken for 'changed-projects' 0.0319999999992433ms
[NX Daemon Server] - 2024-12-19T00:55:48.710Z - [REQUEST]: Updated workspace context based on watched changes, recomputing project graph...
[NX Daemon Server] - 2024-12-19T00:55:48.710Z - [REQUEST]: .nx/cache/project-graph.json,.nx/cache/file-map.json,.nx/cache/vite.hash,.nx/cache/jest.hash
[NX Daemon Server] - 2024-12-19T00:55:48.710Z - [REQUEST]: .nx/cache/project-graph.json~440d8dea,.nx/cache/file-map.json~440d8dea
[NX Daemon Server] - 2024-12-19T00:55:49.008Z - Time taken for 'hash changed files from watcher' 0.6222920000000158ms
[33mThe CJS build of Vite's Node API is deprecated. See https://vitejs.dev/guide/troubleshooting.html#vite-cjs-node-api-deprecated for more details.[39m
[NX Daemon Server] - 2024-12-19T00:55:49.037Z - Time taken for 'build-project-configs' 320.02900000000045ms
[NX Daemon Server] - 2024-12-19T00:55:49.098Z - [WATCHER]: 2 file(s) created or restored, 2 file(s) modified, 2 file(s) deleted
[NX Daemon Server] - 2024-12-19T00:55:49.099Z - Time taken for 'changed-projects' 0.028582999999343883ms
[NX Daemon Server] - 2024-12-19T00:55:49.199Z - [REQUEST]: Updated workspace context based on watched changes, recomputing project graph...
[NX Daemon Server] - 2024-12-19T00:55:49.199Z - [REQUEST]: .nx/cache/file-map.json,.nx/cache/project-graph.json,.nx/cache/vite.hash,.nx/cache/jest.hash
[NX Daemon Server] - 2024-12-19T00:55:49.199Z - [REQUEST]: .nx/cache/file-map.json~0c9fdf33,.nx/cache/project-graph.json~0c9fdf33
[NX Daemon Server] - 2024-12-19T00:55:49.491Z - Time taken for 'hash changed files from watcher' 0.671833999998853ms
[33mThe CJS build of Vite's Node API is deprecated. See https://vitejs.dev/guide/troubleshooting.html#vite-cjs-node-api-deprecated for more details.[39m
[NX Daemon Server] - 2024-12-19T00:55:49.555Z - Time taken for 'build-project-configs' 346.83100000000013ms
[NX Daemon Server] - 2024-12-19T00:55:49.607Z - [WATCHER]: 2 file(s) created or restored, 2 file(s) modified, 2 file(s) deleted
[NX Daemon Server] - 2024-12-19T00:55:49.608Z - Time taken for 'changed-projects' 0.061707999999271124ms
[NX Daemon Server] - 2024-12-19T00:55:49.711Z - [REQUEST]: Updated workspace context based on watched changes, recomputing project graph...
[NX Daemon Server] - 2024-12-19T00:55:49.711Z - [REQUEST]: .nx/cache/project-graph.json,.nx/cache/file-map.json,.nx/cache/jest.hash,.nx/cache/vite.hash
[NX Daemon Server] - 2024-12-19T00:55:49.711Z - [REQUEST]: .nx/cache/project-graph.json~1153487e,.nx/cache/file-map.json~1153487e
[NX Daemon Server] - 2024-12-19T00:55:50.251Z - Time taken for 'hash changed files from watcher' 0.9922090000000026ms
[33mThe CJS build of Vite's Node API is deprecated. See https://vitejs.dev/guide/troubleshooting.html#vite-cjs-node-api-deprecated for more details.[39m
[NX Daemon Server] - 2024-12-19T00:55:50.293Z - Time taken for 'build-project-configs' 572.6332910000001ms
[NX Daemon Server] - 2024-12-19T00:55:50.352Z - [WATCHER]: 2 file(s) created or restored, 2 file(s) modified, 2 file(s) deleted
[NX Daemon Server] - 2024-12-19T00:55:50.352Z - Time taken for 'changed-projects' 0.027374999999665306ms
[NX Daemon Server] - 2024-12-19T00:55:50.435Z - [WATCHER]: 0 file(s) created or restored, 0 file(s) modified, 2 file(s) deleted
[NX Daemon Server] - 2024-12-19T00:55:50.436Z - Time taken for 'changed-projects' 0.028458999999202206ms
[NX Daemon Server] - 2024-12-19T00:55:50.455Z - [REQUEST]: Updated workspace context based on watched changes, recomputing project graph...
[NX Daemon Server] - 2024-12-19T00:55:50.455Z - [REQUEST]: .nx/cache/file-map.json,.nx/cache/project-graph.json,.nx/cache/vite.hash,.nx/cache/jest.hash
[NX Daemon Server] - 2024-12-19T00:55:50.456Z - [REQUEST]: .nx/cache/file-map.json~5a7c2502,.nx/cache/project-graph.json~5a7c2502,node_modules/.vite/apps/frontend/deps_temp_0424977f/_metadata.json,node_modules/.vite/apps/frontend/deps_temp_0424977f
Unable to create nodes for node_modules/.vite/apps/frontend/deps_temp_0424977f/package.json using plugin @nx/eslint/plugin. 

	 Inner Error: Error: ENOENT: no such file or directory, scandir '/Users/JakeWu-Chen/Downloads/Projects/deployment/nomination-system/node_modules/.vite/apps/frontend/deps_temp_0424977f'
    at readdirSync (node:fs:1515:26)
    at getEslintConfigsForProject (/Users/JakeWu-Chen/Downloads/Projects/deployment/nomination-system/node_modules/@nx/eslint/src/plugins/plugin.js:32:45)
    at exports.createNodes (/Users/JakeWu-Chen/Downloads/Projects/deployment/nomination-system/node_modules/@nx/eslint/src/plugins/plugin.js:13:31)
    at buildProjectsConfigurationsFromProjectPathsAndPlugins (/Users/JakeWu-Chen/Downloads/Projects/deployment/nomination-system/node_modules/nx/src/project-graph/utils/project-configuration-utils.js:148:29)
    at createProjectConfigurations (/Users/JakeWu-Chen/Downloads/Projects/deployment/nomination-system/node_modules/nx/src/project-graph/utils/retrieve-workspace-files.js:89:156)
    at _retrieveProjectConfigurations (/Users/JakeWu-Chen/Downloads/Projects/deployment/nomination-system/node_modules/nx/src/project-graph/utils/retrieve-workspace-files.js:61:12)
    at retrieveProjectConfigurations (/Users/JakeWu-Chen/Downloads/Projects/deployment/nomination-system/node_modules/nx/src/project-graph/utils/retrieve-workspace-files.js:46:12)
    at processTicksAndRejections (node:internal/process/task_queues:95:5)
    at async processFilesAndCreateAndSerializeProjectGraph (/Users/JakeWu-Chen/Downloads/Projects/deployment/nomination-system/node_modules/nx/src/daemon/server/project-graph-incremental-recomputation.js:140:28)
    at async Timeout._onTimeout (/Users/JakeWu-Chen/Downloads/Projects/deployment/nomination-system/node_modules/nx/src/daemon/server/project-graph-incremental-recomputation.js:81:13)
[NX Daemon Server] - 2024-12-19T00:55:50.465Z - Time taken for 'hash changed files from watcher' 1.8694160000013653ms
[NX Daemon Server] - 2024-12-19T00:55:50.471Z - Time taken for '@nx/vite/plugin:createNodes' 12.845790999999736ms
[NX Daemon Server] - 2024-12-19T01:11:12.937Z - Closed a connection. Number of open connections: 2
[NX Daemon Server] - 2024-12-19T01:11:12.940Z - Closed a connection. Number of open connections: 1
[NX Daemon Server] - 2024-12-19T01:11:12.941Z - Closed a connection. Number of open connections: 0
[NX Daemon Server] - 2024-12-19T01:12:19.265Z - [WATCHER]: Processing file changes in outputs
[NX Daemon Server] - 2024-12-19T01:12:19.265Z - [WATCHER]: Stopping the watcher for /Users/JakeWu-Chen/Downloads/Projects/deployment/nomination-system (sources)
[NX Daemon Server] - 2024-12-19T01:12:19.266Z - [WATCHER]: Stopping the watcher for /Users/JakeWu-Chen/Downloads/Projects/deployment/nomination-system (outputs)
[NX Daemon Server] - 2024-12-19T01:12:19.266Z - Server stopped because: "Lock file changed"
